TN:
SF:src/core/client.ts
FN:20,toHttpTransport
FN:22,(anonymous_1)
FN:52,createClient
FN:55,use
FNF:4
FNH:4
FNDA:60,toHttpTransport
FNDA:42,(anonymous_1)
FNDA:60,createClient
FNDA:60,use
DA:20,4
DA:21,60
DA:23,42
DA:24,42
DA:29,42
DA:34,41
DA:52,4
DA:53,60
DA:55,60
DA:57,60
DA:58,60
DA:61,60
DA:62,60
DA:63,0
DA:67,60
DA:68,0
DA:70,60
DA:72,60
DA:75,60
LF:19
LH:17
BRDA:26,0,0,42
BRDA:26,0,1,0
BRDA:57,1,0,60
BRDA:62,2,0,0
BRDA:62,3,0,60
BRDA:62,3,1,60
BRDA:67,4,0,0
BRF:7
BRH:4
end_of_record
TN:
SF:src/services/addressService.ts
FN:47,(anonymous_0)
FN:52,(anonymous_1)
FN:62,(anonymous_2)
FN:78,(anonymous_3)
FN:96,(anonymous_4)
FN:112,(anonymous_5)
FN:128,(anonymous_6)
FN:148,(anonymous_7)
FNF:8
FNH:8
FNDA:6,(anonymous_0)
FNDA:6,(anonymous_1)
FNDA:1,(anonymous_2)
FNDA:1,(anonymous_3)
FNDA:1,(anonymous_4)
FNDA:1,(anonymous_5)
FNDA:1,(anonymous_6)
FNDA:1,(anonymous_7)
DA:8,1
DA:24,1
DA:47,1
DA:48,6
DA:53,6
DA:54,6
DA:63,1
DA:70,1
DA:81,1
DA:88,1
DA:97,1
DA:104,1
DA:113,1
DA:120,1
DA:129,1
DA:140,1
DA:149,1
DA:160,1
LF:18
LH:18
BRDA:62,0,0,0
BRDA:64,1,0,1
BRDA:64,1,1,0
BRDA:82,2,0,1
BRDA:82,2,1,0
BRDA:96,3,0,0
BRDA:98,4,0,1
BRDA:98,4,1,0
BRDA:114,5,0,1
BRDA:114,5,1,0
BRDA:130,6,0,1
BRDA:130,6,1,0
BRDA:150,7,0,1
BRDA:150,7,1,0
BRF:14
BRH:6
end_of_record
TN:
SF:src/services/referenceService.ts
FN:57,(anonymous_0)
FN:62,(anonymous_1)
FN:72,(anonymous_2)
FN:88,(anonymous_3)
FN:104,(anonymous_4)
FN:120,(anonymous_5)
FN:136,(anonymous_6)
FN:154,(anonymous_7)
FN:170,(anonymous_8)
FN:186,(anonymous_9)
FN:202,(anonymous_10)
FN:220,(anonymous_11)
FN:238,(anonymous_12)
FN:256,(anonymous_13)
FNF:14
FNH:14
FNDA:12,(anonymous_0)
FNDA:12,(anonymous_1)
FNDA:1,(anonymous_2)
FNDA:1,(anonymous_3)
FNDA:1,(anonymous_4)
FNDA:1,(anonymous_5)
FNDA:1,(anonymous_6)
FNDA:1,(anonymous_7)
FNDA:1,(anonymous_8)
FNDA:1,(anonymous_9)
FNDA:1,(anonymous_10)
FNDA:1,(anonymous_11)
FNDA:1,(anonymous_12)
FNDA:1,(anonymous_13)
DA:8,1
DA:36,1
DA:57,1
DA:58,12
DA:63,12
DA:64,12
DA:73,1
DA:80,1
DA:89,1
DA:96,1
DA:105,1
DA:112,1
DA:121,1
DA:128,1
DA:139,1
DA:146,1
DA:155,1
DA:162,1
DA:171,1
DA:178,1
DA:187,1
DA:194,1
DA:205,1
DA:212,1
DA:223,1
DA:230,1
DA:241,1
DA:248,1
DA:259,1
DA:266,1
LF:30
LH:30
BRDA:72,0,0,1
BRDA:74,1,0,1
BRDA:74,1,1,0
BRDA:88,2,0,1
BRDA:90,3,0,1
BRDA:90,3,1,0
BRDA:104,4,0,0
BRDA:106,5,0,1
BRDA:106,5,1,0
BRDA:120,6,0,1
BRDA:122,7,0,1
BRDA:122,7,1,0
BRDA:137,8,0,0
BRDA:140,9,0,1
BRDA:140,9,1,0
BRDA:154,10,0,1
BRDA:156,11,0,1
BRDA:156,11,1,0
BRDA:170,12,0,1
BRDA:172,13,0,1
BRDA:172,13,1,0
BRDA:186,14,0,1
BRDA:188,15,0,1
BRDA:188,15,1,0
BRDA:206,16,0,1
BRDA:206,16,1,0
BRDA:224,17,0,1
BRDA:224,17,1,0
BRDA:239,18,0,1
BRDA:242,19,0,1
BRDA:242,19,1,0
BRDA:257,20,0,1
BRDA:260,21,0,1
BRDA:260,21,1,0
BRF:34
BRH:20
end_of_record
TN:
SF:src/services/trackingService.ts
FN:41,(anonymous_0)
FN:46,(anonymous_1)
FN:54,(anonymous_2)
FN:60,(anonymous_3)
FN:73,(anonymous_4)
FN:88,(anonymous_5)
FN:94,(anonymous_6)
FN:108,(anonymous_7)
FN:128,(anonymous_8)
FN:133,(anonymous_9)
FN:140,(anonymous_10)
FN:163,(anonymous_11)
FN:164,(anonymous_12)
FN:202,(anonymous_13)
FN:212,(anonymous_14)
FN:250,(anonymous_15)
FN:261,(anonymous_16)
FN:272,(anonymous_17)
FN:283,(anonymous_18)
FN:319,(anonymous_19)
FN:324,(anonymous_20)
FN:340,(anonymous_21)
FN:353,(anonymous_22)
FN:360,(anonymous_23)
FN:371,(anonymous_24)
FNF:25
FNH:22
FNDA:27,(anonymous_0)
FNDA:27,(anonymous_1)
FNDA:8,(anonymous_2)
FNDA:12,(anonymous_3)
FNDA:2,(anonymous_4)
FNDA:1,(anonymous_5)
FNDA:1,(anonymous_6)
FNDA:1,(anonymous_7)
FNDA:4,(anonymous_8)
FNDA:7,(anonymous_9)
FNDA:5,(anonymous_10)
FNDA:5,(anonymous_11)
FNDA:9,(anonymous_12)
FNDA:7,(anonymous_13)
FNDA:11,(anonymous_14)
FNDA:2,(anonymous_15)
FNDA:2,(anonymous_16)
FNDA:2,(anonymous_17)
FNDA:3,(anonymous_18)
FNDA:1,(anonymous_19)
FNDA:1,(anonymous_20)
FNDA:1,(anonymous_21)
FNDA:0,(anonymous_22)
FNDA:0,(anonymous_23)
FNDA:0,(anonymous_24)
DA:8,1
DA:19,1
DA:41,1
DA:42,27
DA:47,27
DA:48,27
DA:55,8
DA:60,12
DA:67,8
DA:74,2
DA:78,2
DA:79,1
DA:82,1
DA:89,1
DA:94,1
DA:102,1
DA:109,1
DA:122,1
DA:133,7
DA:134,4
DA:136,4
DA:137,4
DA:139,4
DA:140,3
DA:141,5
DA:142,4
DA:144,1
DA:148,1
DA:151,4
DA:153,4
DA:164,5
DA:166,9
DA:167,3
DA:168,2
DA:173,7
DA:174,2
DA:176,2
DA:177,1
DA:180,1
DA:181,0
DA:186,6
DA:187,1
DA:191,5
DA:192,1
DA:195,4
DA:203,7
DA:212,7
DA:213,11
DA:217,2
DA:218,2
DA:223,1
DA:224,1
DA:229,1
DA:230,1
DA:235,2
DA:236,2
DA:239,5
DA:240,5
DA:244,7
DA:251,2
DA:262,2
DA:273,2
DA:284,3
DA:313,3
DA:324,1
DA:325,1
DA:326,1
DA:327,1
DA:329,0
DA:334,1
DA:337,1
DA:340,1
DA:341,1
DA:359,0
DA:360,0
DA:372,0
LF:76
LH:71
BRDA:56,0,0,8
BRDA:56,0,1,0
BRDA:78,1,0,1
BRDA:78,2,0,2
BRDA:78,2,1,2
BRDA:79,3,0,1
BRDA:79,3,1,0
BRDA:90,4,0,1
BRDA:90,4,1,0
BRDA:98,5,0,1
BRDA:98,5,1,0
BRDA:110,6,0,1
BRDA:110,6,1,0
BRDA:116,7,0,1
BRDA:116,7,1,1
BRDA:117,8,0,1
BRDA:117,8,1,1
BRDA:139,9,0,3
BRDA:139,9,1,1
BRDA:139,10,0,4
BRDA:139,10,1,3
BRDA:141,11,0,4
BRDA:141,11,1,1
BRDA:141,12,0,5
BRDA:141,12,1,4
BRDA:144,13,0,1
BRDA:144,13,1,0
BRDA:166,14,0,3
BRDA:166,15,0,9
BRDA:166,15,1,3
BRDA:167,16,0,2
BRDA:173,17,0,2
BRDA:173,18,0,7
BRDA:173,18,1,5
BRDA:176,19,0,1
BRDA:176,20,0,2
BRDA:176,20,1,2
BRDA:180,21,0,0
BRDA:180,22,0,1
BRDA:180,22,1,0
BRDA:186,23,0,1
BRDA:186,24,0,6
BRDA:186,24,1,2
BRDA:191,25,0,1
BRDA:191,26,0,5
BRDA:191,26,1,2
BRDA:213,27,0,2
BRDA:213,27,1,2
BRDA:213,27,2,2
BRDA:213,27,3,1
BRDA:213,27,4,1
BRDA:213,27,5,1
BRDA:213,27,6,1
BRDA:213,27,7,1
BRDA:213,27,8,1
BRDA:213,27,9,1
BRDA:213,27,10,2
BRDA:213,27,11,2
BRDA:213,27,12,5
BRDA:283,28,0,0
BRDA:313,29,0,3
BRDA:313,29,1,1
BRDA:322,30,0,0
BRF:63
BRH:53
end_of_record
TN:
SF:src/services/waybillService.ts
FN:29,(anonymous_0)
FN:34,(anonymous_1)
FN:42,(anonymous_2)
FN:56,(anonymous_3)
FN:70,(anonymous_4)
FN:84,(anonymous_5)
FN:98,(anonymous_6)
FN:114,(anonymous_7)
FN:128,(anonymous_8)
FN:142,(anonymous_9)
FN:172,(anonymous_10)
FN:179,(anonymous_11)
FN:198,(anonymous_12)
FN:210,(anonymous_13)
FN:237,(anonymous_14)
FN:245,(anonymous_15)
FN:253,(anonymous_16)
FN:261,(anonymous_17)
FN:269,(anonymous_18)
FN:277,(anonymous_19)
FN:285,(anonymous_20)
FN:293,(anonymous_21)
FNF:22
FNH:14
FNDA:15,(anonymous_0)
FNDA:15,(anonymous_1)
FNDA:5,(anonymous_2)
FNDA:1,(anonymous_3)
FNDA:1,(anonymous_4)
FNDA:1,(anonymous_5)
FNDA:2,(anonymous_6)
FNDA:2,(anonymous_7)
FNDA:2,(anonymous_8)
FNDA:2,(anonymous_9)
FNDA:1,(anonymous_10)
FNDA:1,(anonymous_11)
FNDA:1,(anonymous_12)
FNDA:3,(anonymous_13)
FNDA:0,(anonymous_14)
FNDA:0,(anonymous_15)
FNDA:0,(anonymous_16)
FNDA:0,(anonymous_17)
FNDA:0,(anonymous_18)
FNDA:0,(anonymous_19)
FNDA:0,(anonymous_20)
FNDA:0,(anonymous_21)
DA:8,1
DA:24,1
DA:29,1
DA:30,15
DA:35,15
DA:36,15
DA:43,5
DA:50,5
DA:57,1
DA:64,1
DA:71,1
DA:78,1
DA:85,1
DA:92,1
DA:99,2
DA:108,2
DA:115,2
DA:122,2
DA:129,2
DA:136,2
DA:143,2
DA:146,2
DA:147,4
DA:148,4
DA:149,3
DA:152,1
DA:166,2
DA:173,1
DA:183,1
DA:192,1
DA:199,1
DA:201,1
DA:203,0
DA:212,3
DA:213,1
DA:217,2
DA:218,0
DA:222,2
DA:223,1
DA:226,1
DA:238,0
DA:246,0
DA:254,0
DA:262,0
DA:270,0
DA:278,0
DA:286,0
DA:294,0
LF:48
LH:38
BRDA:44,0,0,5
BRDA:44,0,1,0
BRDA:58,1,0,1
BRDA:58,1,1,0
BRDA:72,2,0,1
BRDA:72,2,1,0
BRDA:86,3,0,1
BRDA:86,3,1,0
BRDA:100,4,0,2
BRDA:100,4,1,0
BRDA:116,5,0,2
BRDA:116,5,1,0
BRDA:130,6,0,2
BRDA:130,6,1,0
BRDA:155,7,0,1
BRDA:155,7,1,0
BRDA:212,8,0,1
BRDA:212,9,0,3
BRDA:212,9,1,3
BRDA:217,10,0,0
BRDA:217,11,0,2
BRDA:217,11,1,2
BRDA:222,12,0,1
BRDA:222,13,0,2
BRDA:222,13,1,2
BRF:25
BRH:16
end_of_record
